This is pdfTeX, Version 3.14159265-2.6-1.40.20 (TeX Live 2019) (preloaded format=pdflatex 2019.5.8)  5 SEP 2021 11:06
entering extended mode
 restricted \write18 enabled.
 file:line:error style messages enabled.
 %&-line parsing enabled.
**"Pure Math.tex"
(./Pure Math.tex
LaTeX2e <2018-12-01>
(/usr/local/texlive/2019/texmf-dist/tex/latex/amscls/amsart.cls
Document Class: amsart 2017/10/31 v2.20.4
\linespacing=\dimen102
\normalparindent=\dimen103
\normaltopskip=\skip41
(/usr/local/texlive/2019/texmf-dist/tex/latex/amsmath/amsmath.sty
Package: amsmath 2018/12/01 v2.17b AMS math features
\@mathmargin=\skip42

For additional information on amsmath, use the `?' option.
(/usr/local/texlive/2019/texmf-dist/tex/latex/amsmath/amstext.sty
Package: amstext 2000/06/29 v2.01 AMS text

(/usr/local/texlive/2019/texmf-dist/tex/latex/amsmath/amsgen.sty
File: amsgen.sty 1999/11/30 v2.0 generic functions
\@emptytoks=\toks14
\ex@=\dimen104
))
(/usr/local/texlive/2019/texmf-dist/tex/latex/amsmath/amsbsy.sty
Package: amsbsy 1999/11/29 v1.2d Bold Symbols
\pmbraise@=\dimen105
)
(/usr/local/texlive/2019/texmf-dist/tex/latex/amsmath/amsopn.sty
Package: amsopn 2016/03/08 v2.02 operator names
)
\inf@bad=\count80
LaTeX Info: Redefining \frac on input line 223.
\uproot@=\count81
\leftroot@=\count82
LaTeX Info: Redefining \overline on input line 385.
\classnum@=\count83
\DOTSCASE@=\count84
LaTeX Info: Redefining \ldots on input line 482.
LaTeX Info: Redefining \dots on input line 485.
LaTeX Info: Redefining \cdots on input line 606.
\Mathstrutbox@=\box27
\strutbox@=\box28
\big@size=\dimen106
LaTeX Font Info:    Redeclaring font encoding OML on input line 729.
LaTeX Font Info:    Redeclaring font encoding OMS on input line 730.
\macc@depth=\count85
\c@MaxMatrixCols=\count86
\dotsspace@=\muskip10
\c@parentequation=\count87
\dspbrk@lvl=\count88
\tag@help=\toks15
\row@=\count89
\column@=\count90
\maxfields@=\count91
\andhelp@=\toks16
\eqnshift@=\dimen107
\alignsep@=\dimen108
\tagshift@=\dimen109
\tagwidth@=\dimen110
\totwidth@=\dimen111
\lineht@=\dimen112
\@envbody=\toks17
\multlinegap=\skip43
\multlinetaggap=\skip44
\mathdisplay@stack=\toks18
LaTeX Info: Redefining \[ on input line 2844.
LaTeX Info: Redefining \] on input line 2845.
)
LaTeX Font Info:    Try loading font information for U+msa on input line 398.

(/usr/local/texlive/2019/texmf-dist/tex/latex/amsfonts/umsa.fd
File: umsa.fd 2013/01/14 v3.01 AMS symbols A
)
(/usr/local/texlive/2019/texmf-dist/tex/latex/amsfonts/amsfonts.sty
Package: amsfonts 2013/01/14 v3.01 Basic AMSFonts support
\symAMSa=\mathgroup4
\symAMSb=\mathgroup5
LaTeX Font Info:    Overwriting math alphabet `\mathfrak' in version `bold'
(Font)                  U/euf/m/n --> U/euf/b/n on input line 106.
)
\copyins=\insert199
\abstractbox=\box29
\listisep=\skip45
\c@part=\count92
\c@section=\count93
\c@subsection=\count94
\c@subsubsection=\count95
\c@paragraph=\count96
\c@subparagraph=\count97
\c@figure=\count98
\c@table=\count99
\abovecaptionskip=\skip46
\belowcaptionskip=\skip47
\captionindent=\dimen113
\thm@style=\toks19
\thm@bodyfont=\toks20
\thm@headfont=\toks21
\thm@notefont=\toks22
\thm@headpunct=\toks23
\thm@preskip=\skip48
\thm@postskip=\skip49
\thm@headsep=\skip50
\dth@everypar=\toks24
)
(/usr/local/texlive/2019/texmf-dist/tex/latex/tools/enumerate.sty
Package: enumerate 2015/07/23 v3.00 enumerate extensions (DPC)
\@enLab=\toks25
)
(/usr/local/texlive/2019/texmf-dist/tex/latex/amsfonts/amssymb.sty
Package: amssymb 2013/01/14 v3.01 AMS font symbols
)
(/usr/local/texlive/2019/texmf-dist/tex/latex/comment/comment.sty
\CommentStream=\write3

Excluding comment 'comment')
(/usr/local/texlive/2019/texmf-dist/tex/latex/arydshln/arydshln.sty
Package: arydshln 2019/02/21 v1.76 
\dashlinedash=\dimen114
\dashlinegap=\dimen115
\adl@box=\box30
\adl@height=\dimen116
\adl@heightsave=\dimen117
\adl@depth=\dimen118
\adl@depthsave=\dimen119
\adl@finaldepth=\dimen120
\adl@columns=\count100
\adl@ncol=\count101
\adl@currentcolumn=\count102
\adl@currentcolumnsave=\count103
\adl@totalheight=\count104
\adl@totalheightsave=\count105
\adl@dash=\count106
\adl@gap=\count107
\adl@cla=\count108
\adl@clb=\count109
\adl@everyvbox=\toks26
\adl@LTpagetotal=\dimen121
)
(/usr/local/texlive/2019/texmf-dist/tex/latex/dashrule/dashrule.sty
Package: dashrule 2013/03/28 v1.3 Dashed rules

(/usr/local/texlive/2019/texmf-dist/tex/latex/ifmtarg/ifmtarg.sty
Package: ifmtarg 2018/04/16 v1.2b check for an empty argument
)
\c@hdr@segments=\count110
)
(/usr/local/texlive/2019/texmf-dist/tex/latex/fundus-calligra/calligra.sty
Package: calligra 2012/04/10 v1.9 LaTeX package calligra
)
(./Pure Math.aux)
\openout1 = `"Pure Math.aux"'.

LaTeX Font Info:    Checking defaults for OML/cmm/m/it on input line 17.
LaTeX Font Info:    ... okay on input line 17.
LaTeX Font Info:    Checking defaults for T1/cmr/m/n on input line 17.
LaTeX Font Info:    ... okay on input line 17.
LaTeX Font Info:    Checking defaults for OT1/cmr/m/n on input line 17.
LaTeX Font Info:    ... okay on input line 17.
LaTeX Font Info:    Checking defaults for OMS/cmsy/m/n on input line 17.
LaTeX Font Info:    ... okay on input line 17.
LaTeX Font Info:    Checking defaults for OMX/cmex/m/n on input line 17.
LaTeX Font Info:    ... okay on input line 17.
LaTeX Font Info:    Checking defaults for U/cmr/m/n on input line 17.
LaTeX Font Info:    ... okay on input line 17.
LaTeX Font Info:    Try loading font information for U+msa on input line 17.

(/usr/local/texlive/2019/texmf-dist/tex/latex/amsfonts/umsa.fd
File: umsa.fd 2013/01/14 v3.01 AMS symbols A
)
LaTeX Font Info:    Try loading font information for U+msb on input line 17.

(/usr/local/texlive/2019/texmf-dist/tex/latex/amsfonts/umsb.fd
File: umsb.fd 2013/01/14 v3.01 AMS symbols B
)
Overfull \hbox (12.0pt too wide) in paragraph at lines 64--65
[][] [] 
 []


Underfull \hbox (badness 10000) in paragraph at lines 67--68

 []


Overfull \hbox (12.0pt too wide) in paragraph at lines 70--71
[][] [] 
 []


Underfull \hbox (badness 10000) in paragraph at lines 73--74

 []


Underfull \vbox (badness 1303) has occurred while \output is active []

 [1{/usr/local/texlive/2019/texmf-var/fonts/map/pdftex/updmap/pdftex.map}]
Overfull \hbox (12.0pt too wide) in paragraph at lines 76--77
[][] [] 
 []


Underfull \hbox (badness 10000) in paragraph at lines 79--80

 []


Overfull \hbox (12.0pt too wide) in paragraph at lines 82--83
[][] [] 
 []


Underfull \hbox (badness 10000) in paragraph at lines 85--95

 []


Overfull \hbox (12.0pt too wide) in paragraph at lines 97--98
[][] [] 
 []


Underfull \hbox (badness 10000) in paragraph at lines 100--110

 []


Overfull \hbox (12.0pt too wide) in paragraph at lines 112--113
[][] [] 
 []


Underfull \hbox (badness 10000) in paragraph at lines 115--119

 []


Overfull \hbox (12.0pt too wide) in paragraph at lines 121--122
[][] [] 
 []


Underfull \hbox (badness 10000) in paragraph at lines 124--126

 []


Overfull \hbox (12.0pt too wide) in paragraph at lines 128--129
[][] [] 
 []


Underfull \vbox (badness 10000) has occurred while \output is active []

 [2]
Overfull \hbox (12.0pt too wide) in paragraph at lines 166--167
[][] [] 
 []


Overfull \hbox (12.0pt too wide) in paragraph at lines 171--172
[][] [] 
 []

[3]
Overfull \hbox (12.0pt too wide) in paragraph at lines 182--183
[][] [] 
 []


Underfull \hbox (badness 10000) in paragraph at lines 185--187

 []


Overfull \hbox (12.0pt too wide) in paragraph at lines 189--190
[][] [] 
 []


Underfull \hbox (badness 10000) in paragraph at lines 192--202

 []


Overfull \hbox (12.0pt too wide) in paragraph at lines 204--205
[][] [] 
 []


Underfull \hbox (badness 10000) in paragraph at lines 207--211

 []

[4]
Overfull \hbox (12.0pt too wide) in paragraph at lines 227--228
[][] [] 
 []


Overfull \hbox (17.38297pt too wide) in paragraph at lines 230--239
\OT1/cmr/m/n/12 we can choose from n el-e-ments of B for $(\OML/cmm/m/it/12 a[]
; \OMS/cmsy/m/n/12 ^^@\OT1/cmr/m/n/12 )\OML/cmm/m/it/12 ; \OT1/cmr/m/n/12 (\OML
/cmm/m/it/12 n \OMS/cmsy/m/n/12 ^^@ \OT1/cmr/m/n/12 1)\OML/cmm/m/it/12 for\OT1/
cmr/m/n/12 (\OML/cmm/m/it/12 a[]; \OMS/cmsy/m/n/12 ^^@\OT1/cmr/m/n/12 )\OML/cmm
/m/it/12 ; [] [] 
 []


Underfull \hbox (badness 10000) in paragraph at lines 230--239

 []


Overfull \hbox (12.0pt too wide) in paragraph at lines 241--242
[][] [] 
 []


Underfull \hbox (badness 10000) in paragraph at lines 244--246

 []


Overfull \hbox (12.0pt too wide) in paragraph at lines 254--255
[][] [] 
 []


Underfull \hbox (badness 10000) in paragraph at lines 257--261

 []


Underfull \hbox (badness 10000) in paragraph at lines 262--272

 []


Underfull \vbox (badness 10000) has occurred while \output is active []

 [5]
Overfull \hbox (12.0pt too wide) in paragraph at lines 274--275
[][] [] 
 []


Underfull \hbox (badness 10000) in paragraph at lines 277--282

 []


Overfull \hbox (12.0pt too wide) in paragraph at lines 284--285
[][] [] 
 []


Underfull \hbox (badness 10000) in paragraph at lines 287--298

 []


Overfull \hbox (12.0pt too wide) in paragraph at lines 300--301
[][] [] 
 []


Overfull \hbox (12.0pt too wide) in paragraph at lines 306--307
[][] [] 
 []


Overfull \hbox (26.0838pt too wide) in paragraph at lines 309--326
\OT1/cmr/m/n/12 =[]\OMS/cmsy/m/n/12 )  \OT1/cmr/m/n/12 (\OML/cmm/m/it/12 y; a[]
\OT1/cmr/m/n/12 )\OML/cmm/m/it/12 ;   \OT1/cmr/m/n/12 (\OML/cmm/m/it/12 y; a[]\
OT1/cmr/m/n/12 ) \OMS/cmsy/m/n/12 2 \OML/cmm/m/it/12 f[]:f[]$ \OT1/cmr/m/n/12 i
s a func-tion so $\OML/cmm/m/it/12 f[]\OT1/cmr/m/n/12 (\OML/cmm/m/it/12 y\OT1/c
mr/m/n/12 ) = \OML/cmm/m/it/12 a[];   f[]\OT1/cmr/m/n/12 (\OML/cmm/m/it/12 y\OT
1/cmr/m/n/12 ) =
 []


Underfull \vbox (badness 10000) has occurred while \output is active []

 [6]
Underfull \hbox (badness 10000) in paragraph at lines 327--336

 []


Overfull \hbox (12.0pt too wide) in paragraph at lines 338--339
[][] [] 
 []


Underfull \hbox (badness 10000) in paragraph at lines 341--342

 []


Overfull \hbox (12.0pt too wide) in paragraph at lines 345--346
[][] [] 
 []


Underfull \hbox (badness 10000) in paragraph at lines 348--364

 []


Underfull \vbox (badness 10000) has occurred while \output is active []

 [7]
Overfull \hbox (12.0pt too wide) in paragraph at lines 366--367
[][] [] 
 []


Underfull \hbox (badness 10000) in paragraph at lines 368--384

 []


Overfull \hbox (12.0pt too wide) in paragraph at lines 386--387
[][] [] 
 []


Overfull \hbox (12.97194pt too wide) in paragraph at lines 389--412
\OT1/cmr/m/n/12 =[]\OMS/cmsy/m/n/12 )  8\OML/cmm/m/it/12 n \OMS/cmsy/m/n/12 ^^U
 \OT1/cmr/m/n/12 2$ an el-e-ment $\OML/cmm/m/it/12 b[] \OMS/cmsy/m/n/12 2 \OML/
cmm/m/it/12 B$ \OT1/cmr/m/n/12 is dis-tinct from $\OML/cmm/m/it/12 b[]; b[]; []
 ; b[]  \OT1/cmr/m/n/12 =[]\OMS/cmsy/m/n/12 )
 []


Underfull \hbox (badness 10000) in paragraph at lines 389--412

 []


Underfull \vbox (badness 10000) has occurred while \output is active []

 [8]
Overfull \hbox (12.0pt too wide) in paragraph at lines 414--415
[][] [] 
 []


Overfull \hbox (12.0pt too wide) in paragraph at lines 438--439
[][] [] 
 []

[9]
Overfull \hbox (12.0pt too wide) in paragraph at lines 458--459
[][] [] 
 []


Underfull \hbox (badness 10000) in paragraph at lines 461--464

 []


Underfull \hbox (badness 10000) in paragraph at lines 464--465

 []


Underfull \hbox (badness 10000) in paragraph at lines 465--466

 []


Overfull \hbox (12.0pt too wide) in paragraph at lines 475--476
[][] [] 
 []


Underfull \hbox (badness 10000) in paragraph at lines 478--479

 []


Overfull \hbox (12.0pt too wide) in paragraph at lines 481--482
[][] [] 
 []


Underfull \hbox (badness 10000) in paragraph at lines 484--495

 []


Underfull \hbox (badness 10000) in paragraph at lines 484--495

 []

[10]
Underfull \hbox (badness 10000) in paragraph at lines 496--508

 []


Overfull \hbox (12.0pt too wide) in paragraph at lines 510--511
[][] [] 
 []

[11]
Overfull \hbox (12.0pt too wide) in paragraph at lines 525--526
[][] [] 
 []


Overfull \hbox (12.0pt too wide) in paragraph at lines 550--551
[][] [] 
 []


Underfull \vbox (badness 10000) has occurred while \output is active []

 [12]
Underfull \hbox (badness 10000) in paragraph at lines 553--564

 []


Underfull \hbox (badness 10000) in paragraph at lines 565--572

 []


Underfull \hbox (badness 10000) in paragraph at lines 565--572

 []


Overfull \hbox (12.0pt too wide) in paragraph at lines 574--575
[][] [] 
 []


Underfull \hbox (badness 10000) in paragraph at lines 578--579

 []


Underfull \hbox (badness 10000) in paragraph at lines 580--581

 []


Underfull \hbox (badness 10000) in paragraph at lines 582--585

 []


Underfull \vbox (badness 10000) has occurred while \output is active []

 [13]
Overfull \hbox (12.0pt too wide) in paragraph at lines 587--588
[][] [] 
 []


Underfull \hbox (badness 10000) in paragraph at lines 590--596

 []


Overfull \hbox (12.0pt too wide) in paragraph at lines 598--600
[][] []
 []


Underfull \hbox (badness 10000) in paragraph at lines 598--600

 []


Overfull \hbox (12.0pt too wide) in paragraph at lines 602--603
[][] [] 
 []


Underfull \hbox (badness 10000) in paragraph at lines 605--612

 []


Overfull \hbox (12.0pt too wide) in paragraph at lines 614--615
[][] [] 
 []


Underfull \hbox (badness 10000) in paragraph at lines 617--620

 []


Overfull \hbox (12.0pt too wide) in paragraph at lines 622--623
[][] [] 
 []


Underfull \hbox (badness 10000) in paragraph at lines 630--646

 []


Underfull \vbox (badness 10000) has occurred while \output is active []

 [14]
Overfull \hbox (12.0pt too wide) in paragraph at lines 648--649
[][] [] 
 []


Overfull \hbox (12.0pt too wide) in paragraph at lines 655--656
[][] [] 
 []


Underfull \hbox (badness 10000) in paragraph at lines 658--660

 []


Overfull \hbox (12.0pt too wide) in paragraph at lines 662--663
[][] [] 
 []


Underfull \hbox (badness 10000) in paragraph at lines 665--667

 []


Underfull \hbox (badness 10000) in paragraph at lines 668--675

 []


Overfull \hbox (12.0pt too wide) in paragraph at lines 677--678
[][] [] 
 []


Underfull \hbox (badness 10000) in paragraph at lines 681--689

 []

[15]
Overfull \hbox (12.0pt too wide) in paragraph at lines 691--692
[][] [] 
 []


Underfull \hbox (badness 10000) in paragraph at lines 694--699

 []


Overfull \hbox (12.0pt too wide) in paragraph at lines 715--716
[][] [] 
 []


Underfull \hbox (badness 10000) in paragraph at lines 717--744

 []

[16]
Overfull \hbox (12.0pt too wide) in paragraph at lines 746--747
[][] [] 
 []


Underfull \hbox (badness 10000) in paragraph at lines 749--750

 []


Overfull \hbox (12.0pt too wide) in paragraph at lines 752--753
[][] [] 
 []


Overfull \hbox (12.0pt too wide) in paragraph at lines 761--762
[][] [] 
 []


Underfull \hbox (badness 10000) in paragraph at lines 761--762

 []


Underfull \hbox (badness 10000) in paragraph at lines 764--766

 []


Underfull \hbox (badness 10000) in paragraph at lines 768--780

 []

[17]
Overfull \hbox (12.0pt too wide) in paragraph at lines 782--783
[][] [] 
 []


Underfull \hbox (badness 10000) in paragraph at lines 785--799

 []


Overfull \hbox (12.0pt too wide) in paragraph at lines 801--802
[][] [] 
 []


Underfull \hbox (badness 10000) in paragraph at lines 804--805

 []


Overfull \hbox (12.0pt too wide) in paragraph at lines 807--808
[][] [] 
 []


Underfull \hbox (badness 10000) in paragraph at lines 810--818

 []


Overfull \hbox (12.0pt too wide) in paragraph at lines 820--821
[][] [] 
 []


Underfull \hbox (badness 10000) in paragraph at lines 823--836

 []


Underfull \vbox (badness 10000) has occurred while \output is active []

 [18]
Overfull \hbox (12.0pt too wide) in paragraph at lines 838--839
[][] [] 
 []


Overfull \hbox (12.0pt too wide) in paragraph at lines 845--846
[][] [] 
 []


Underfull \hbox (badness 10000) in paragraph at lines 847--855

 []


Overfull \hbox (12.0pt too wide) in paragraph at lines 857--858
[][] [] 
 []


Underfull \hbox (badness 10000) in paragraph at lines 860--869

 []


Overfull \hbox (12.0pt too wide) in paragraph at lines 871--872
[][] [] 
 []


Underfull \hbox (badness 10000) in paragraph at lines 874--885

 []


Underfull \vbox (badness 10000) has occurred while \output is active []

 [19]
Overfull \hbox (12.0pt too wide) in paragraph at lines 887--888
[][] [] 
 []


Underfull \hbox (badness 10000) in paragraph at lines 890--904

 []


Overfull \hbox (12.0pt too wide) in paragraph at lines 906--907
[][] [] 
 []


Underfull \hbox (badness 10000) in paragraph at lines 909--931

 []


Underfull \vbox (badness 10000) has occurred while \output is active []

 [20]
Overfull \hbox (12.0pt too wide) in paragraph at lines 933--934
[][] [] 
 []


Underfull \hbox (badness 10000) in paragraph at lines 936--942

 []


Overfull \hbox (12.0pt too wide) in paragraph at lines 944--945
[][] [] 
 []


Underfull \hbox (badness 10000) in paragraph at lines 947--959

 []


Overfull \hbox (12.0pt too wide) in paragraph at lines 961--962
[][] [] 
 []


Underfull \hbox (badness 10000) in paragraph at lines 964--965

 []


Underfull \hbox (badness 10000) in paragraph at lines 965--966

 []


Overfull \hbox (12.0pt too wide) in paragraph at lines 969--970
[][] [] 
 []


Underfull \hbox (badness 10000) in paragraph at lines 972--983

 []


Underfull \vbox (badness 10000) has occurred while \output is active []

 [21]
Overfull \hbox (12.0pt too wide) in paragraph at lines 985--986
[][] [] 
 []


Overfull \hbox (12.0pt too wide) in paragraph at lines 992--993
[][] [] 
 []


Underfull \hbox (badness 10000) in paragraph at lines 999--1006

 []


Overfull \hbox (12.0pt too wide) in paragraph at lines 1008--1009
[][] [] 
 []


Overfull \hbox (12.0pt too wide) in paragraph at lines 1015--1016
[][] [] 
 []


Overfull \hbox (12.0pt too wide) in paragraph at lines 1021--1022
[][] [] 
 []


Underfull \hbox (badness 10000) in paragraph at lines 1024--1033

 []


Underfull \vbox (badness 10000) has occurred while \output is active []

 [22]
Overfull \hbox (12.0pt too wide) in paragraph at lines 1035--1036
[][] [] 
 []


Underfull \hbox (badness 10000) in paragraph at lines 1038--1054

 []


Overfull \hbox (12.0pt too wide) in paragraph at lines 1056--1057
[][] [] 
 []


Overfull \hbox (12.0pt too wide) in paragraph at lines 1062--1063
[][] [] 
 []


Underfull \vbox (badness 10000) has occurred while \output is active []

 [23]
Overfull \hbox (12.0pt too wide) in paragraph at lines 1086--1087
[][] [] 
 []


Underfull \hbox (badness 10000) in paragraph at lines 1089--1090

 []


Overfull \hbox (12.0pt too wide) in paragraph at lines 1092--1093
[][] [] 
 []


Underfull \hbox (badness 10000) in paragraph at lines 1095--1103

 []


Overfull \hbox (12.0pt too wide) in paragraph at lines 1105--1106
[][] [] 
 []


Underfull \hbox (badness 10000) in paragraph at lines 1108--1116

 []


Overfull \hbox (12.0pt too wide) in paragraph at lines 1118--1119
[][] [] 
 []


Underfull \hbox (badness 10000) in paragraph at lines 1120--1133

 []


Underfull \vbox (badness 10000) has occurred while \output is active []

 [24]
Underfull \hbox (badness 10000) in paragraph at lines 1135--1141

 []


Overfull \hbox (12.0pt too wide) in paragraph at lines 1143--1144
[][] [] 
 []


Underfull \hbox (badness 10000) in paragraph at lines 1147--1159

 []


Overfull \hbox (12.0pt too wide) in paragraph at lines 1161--1162
[][] [] 
 []


Underfull \hbox (badness 10000) in paragraph at lines 1164--1175

 []

[25]
Overfull \hbox (12.0pt too wide) in paragraph at lines 1177--1178
[][] [] 
 []


Overfull \hbox (12.0pt too wide) in paragraph at lines 1186--1187
[][] [] 
 []


Overfull \hbox (12.0pt too wide) in paragraph at lines 1202--1203
[][] [] 
 []


Underfull \vbox (badness 10000) has occurred while \output is active []

 [26]
Overfull \hbox (12.0pt too wide) in paragraph at lines 1226--1227
[][] [] 
 []

./Pure Math.tex:1231: Missing $ inserted.
<inserted text> 
                $
l.1231 Theorem 3.2.1 \implies
                              f has max M and min m on I.\\
? 
./Pure Math.tex:1231: Emergency stop.
<inserted text> 
                $
l.1231 Theorem 3.2.1 \implies
                              f has max M and min m on I.\\
End of file on the terminal!

 
Here is how much of TeX's memory you used:
 1922 strings out of 492616
 22532 string characters out of 6129482
 103827 words of memory out of 5000000
 5695 multiletter control sequences out of 15000+600000
 12137 words of font info for 48 fonts, out of 8000000 for 9000
 1302 hyphenation exceptions out of 8191
 34i,9n,31p,288b,308s stack positions out of 5000i,500n,10000p,200000b,80000s
./Pure Math.tex:1231:  ==> Fatal error occurred, no output PDF file produced!
